::1 - - POST 400 /api/user/create - insomnia/2021.1.0 2.395 ms Thu, 11 Mar 2021 12:02:56 GMT
::1 - - POST 200 /api/user/create - insomnia/2021.1.0 97.734 ms Thu, 11 Mar 2021 12:03:18 GMT
::1 - - POST 200 /api/user/create - insomnia/2021.1.0 3.089 ms Thu, 11 Mar 2021 12:03:31 GMT
::1 - - GET 200 /api/users?page=1&limit=50 - insomnia/2021.1.0 11.396 ms Thu, 11 Mar 2021 12:05:49 GMT
::1 - - GET 200 /api/users?page=2&limit=50 - insomnia/2021.1.0 5.737 ms Thu, 11 Mar 2021 12:06:06 GMT
::1 - - GET 200 /api/users?page=1&limit=50 - insomnia/2021.1.0 4.928 ms Thu, 11 Mar 2021 12:06:15 GMT
::1 - - POST 200 /api/user/update - insomnia/2021.1.0 63.720 ms Thu, 11 Mar 2021 12:08:52 GMT
::1 - - GET 200 /api/user/092ad211-9077-4912-bf0f-a5245c94e507 - insomnia/2021.1.0 7.471 ms Thu, 11 Mar 2021 12:11:18 GMT
::1 - - GET 200 /api/user/search?page=1&limit=50&query=Jane - insomnia/2021.1.0 24.219 ms Thu, 11 Mar 2021 12:15:04 GMT
::1 - - GET 200 /api/user/search?page=1&limit=50&query=Janet - insomnia/2021.1.0 1.853 ms Thu, 11 Mar 2021 12:15:11 GMT
::1 - - GET 200 /api/user/search?page=1&limit=50&query=Jane - insomnia/2021.1.0 1.811 ms Thu, 11 Mar 2021 12:15:18 GMT
::1 - - GET 200 /api/organisations?page=1&limit=50 - insomnia/2021.1.0 21.548 ms Thu, 11 Mar 2021 15:34:13 GMT
::1 - - POST 200 /api/organisation/create - insomnia/2021.1.0 75.822 ms Thu, 11 Mar 2021 15:38:11 GMT
::1 - - POST 200 /api/organisation/create - insomnia/2021.1.0 9.619 ms Thu, 11 Mar 2021 15:39:28 GMT
::1 - - GET 200 /api/user/092ad211-9077-4912-bf0f-a5245c94e507 - insomnia/2021.1.0 21.183 ms Thu, 11 Mar 2021 15:39:35 GMT
::1 - - GET 200 /api/user/092ad211-9077-4912-bf0f-a5245c94e507 - insomnia/2021.1.0 2.671 ms Thu, 11 Mar 2021 15:39:36 GMT
::1 - - GET 200 /api/user/092ad211-9077-4912-bf0f-a5245c94e507 - insomnia/2021.1.0 2.526 ms Thu, 11 Mar 2021 15:39:37 GMT
::1 - - GET 200 /api/user/092ad211-9077-4912-bf0f-a5245c94e507 - insomnia/2021.1.0 2.833 ms Thu, 11 Mar 2021 15:39:39 GMT
::1 - - GET 200 /api/organisations?page=1&limit=50 - insomnia/2021.1.0 18.830 ms Thu, 11 Mar 2021 15:42:20 GMT
::1 - - GET 200 /api/user/092ad211-9077-4912-bf0f-a5245c94e507 - insomnia/2021.1.0 22.045 ms Thu, 11 Mar 2021 15:44:03 GMT
::1 - - GET 200 /api/user/092ad211-9077-4912-bf0f-a5245c94e507 - insomnia/2021.1.0 3.130 ms Thu, 11 Mar 2021 15:44:04 GMT
::1 - - GET 200 /api/user/092ad211-9077-4912-bf0f-a5245c94e507 - insomnia/2021.1.0 3.543 ms Thu, 11 Mar 2021 15:44:05 GMT
::1 - - GET 200 /api/organisation/6b5d7959-e8b5-49e9-adcc-01fbfc5185fb - insomnia/2021.1.0 2.721 ms Thu, 11 Mar 2021 15:44:28 GMT
::1 - - GET 200 /api/organisation/6b5d7959-e8b5-49e9-adcc-01fbfc5185fb - insomnia/2021.1.0 9.577 ms Thu, 11 Mar 2021 15:44:54 GMT
::1 - - GET 200 /api/organisation/6b5d7959-e8b5-49e9-adcc-01fbfc5185fb - insomnia/2021.1.0 2.763 ms Thu, 11 Mar 2021 15:44:56 GMT
::1 - - GET 200 /api/user/092ad211-9077-4912-bf0f-a5245c94e507 - insomnia/2021.1.0 22.258 ms Thu, 11 Mar 2021 15:46:23 GMT
::1 - - GET 200 /api/user/092ad211-9077-4912-bf0f-a5245c94e507 - insomnia/2021.1.0 4.353 ms Thu, 11 Mar 2021 15:46:24 GMT
::1 - - GET 200 /api/user/092ad211-9077-4912-bf0f-a5245c94e507 - insomnia/2021.1.0 2.965 ms Thu, 11 Mar 2021 15:46:25 GMT
::1 - - GET 200 /api/user/092ad211-9077-4912-bf0f-a5245c94e507 - insomnia/2021.1.0 2.849 ms Thu, 11 Mar 2021 15:46:26 GMT
::1 - - GET 200 /api/user/092ad211-9077-4912-bf0f-a5245c94e507 - insomnia/2021.1.0 26.366 ms Thu, 11 Mar 2021 15:47:38 GMT
::1 - - GET 200 /api/user/092ad211-9077-4912-bf0f-a5245c94e507 - insomnia/2021.1.0 27.030 ms Thu, 11 Mar 2021 15:48:07 GMT
::1 - - GET 200 /api/organisation/6b5d7959-e8b5-49e9-adcc-01fbfc5185fb - insomnia/2021.1.0 4.363 ms Thu, 11 Mar 2021 15:48:14 GMT
::1 - - GET 200 /api/organisation/6b5d7959-e8b5-49e9-adcc-01fbfc5185fb - insomnia/2021.1.0 2.903 ms Thu, 11 Mar 2021 15:48:15 GMT
::1 - - GET 200 /api/organisation/6b5d7959-e8b5-49e9-adcc-01fbfc5185fb - insomnia/2021.1.0 10.918 ms Thu, 11 Mar 2021 15:48:31 GMT
::1 - - GET 200 /api/organisations?page=1&limit=50 - insomnia/2021.1.0 18.667 ms Thu, 11 Mar 2021 15:49:40 GMT
::1 - - GET 200 /api/organisation/search?page=1&limit=50&query=70th - insomnia/2021.1.0 5.992 ms Thu, 11 Mar 2021 15:50:58 GMT
::1 - - GET 200 /api/organisation/search?page=1&limit=50&query=70 - insomnia/2021.1.0 2.915 ms Thu, 11 Mar 2021 15:51:11 GMT
::1 - - GET 200 /api/organisation/search?page=1&limit=50&query=70 - insomnia/2021.1.0 11.270 ms Thu, 11 Mar 2021 15:51:46 GMT
::1 - - GET 200 /api/organisation/search?page=1&limit=50&query=70 - insomnia/2021.1.0 3.413 ms Thu, 11 Mar 2021 15:51:46 GMT
::1 - - GET 200 /api/organisation/search?page=1&limit=50&query=70 - insomnia/2021.1.0 3.431 ms Thu, 11 Mar 2021 15:51:47 GMT
::1 - - GET 200 /api/organisation/search?page=1&limit=50&query=Limited - insomnia/2021.1.0 7.996 ms Thu, 11 Mar 2021 15:52:16 GMT
::1 - - GET 404 /api/campaigns?page=1&limit=50 - insomnia/2021.1.0 0.480 ms Thu, 11 Mar 2021 15:54:38 GMT
::1 - - GET 200 /api/campaigns?page=1&limit=50 - insomnia/2021.1.0 18.457 ms Thu, 11 Mar 2021 16:09:11 GMT
::1 - - GET 200 /api/organisation/6b5d7959-e8b5-49e9-adcc-01fbfc5185fb - insomnia/2021.1.0 7.863 ms Thu, 11 Mar 2021 16:10:09 GMT
::1 - - GET 200 /api/organisation/6b5d7959-e8b5-49e9-adcc-01fbfc5185fb - insomnia/2021.1.0 4.049 ms Thu, 11 Mar 2021 16:10:10 GMT
::1 - - POST - /api/organisation/update - insomnia/2021.1.0 - ms Thu, 11 Mar 2021 16:11:38 GMT
::1 - - POST 200 /api/organisation/update - insomnia/2021.1.0 68.331 ms Thu, 11 Mar 2021 16:12:05 GMT
::1 - - GET 200 /api/organisation/6b5d7959-e8b5-49e9-adcc-01fbfc5185fb - insomnia/2021.1.0 6.935 ms Thu, 11 Mar 2021 16:12:13 GMT
::1 - - POST 200 /api/campaign/create - insomnia/2021.1.0 62.767 ms Thu, 11 Mar 2021 16:12:52 GMT
::1 - - GET 200 /api/organisations?page=1&limit=50 - insomnia/2021.1.0 10.583 ms Thu, 11 Mar 2021 16:12:57 GMT
::1 - - GET 200 /api/campaigns?page=1&limit=50 - insomnia/2021.1.0 5.465 ms Thu, 11 Mar 2021 16:13:05 GMT
::1 - - GET 200 /api/campaign/749b4acc-1e0f-4b53-bb77-61e901af9849 - insomnia/2021.1.0 2.199 ms Thu, 11 Mar 2021 16:13:31 GMT
::1 - - GET 200 /api/campaign/search?page=1&limit=50&query=soccer - insomnia/2021.1.0 7.669 ms Thu, 11 Mar 2021 16:14:41 GMT
::1 - - POST 200 /api/campaign/create - insomnia/2021.1.0 63.089 ms Thu, 11 Mar 2021 16:15:17 GMT
::1 - - POST 200 /api/campaign/create - insomnia/2021.1.0 57.734 ms Thu, 11 Mar 2021 16:15:59 GMT
::1 - - GET - /api/campaign/search?page=1&limit=50&q=soccer - insomnia/2021.1.0 - ms Thu, 11 Mar 2021 16:16:20 GMT
::1 - - GET 200 /api/campaign/749b4acc-1e0f-4b53-bb77-61e901af9849 - insomnia/2021.1.0 7.530 ms Thu, 11 Mar 2021 16:31:16 GMT
::1 - - GET 404 /api/tweets?page=1&limit=50 - insomnia/2021.1.0 4.959 ms Thu, 11 Mar 2021 16:37:58 GMT
::1 - - GET 404 /api/tweets?page=1&limit=50search%3Fpage%3D1&limit=50&query=Jane - insomnia/2021.1.0 0.514 ms Thu, 11 Mar 2021 16:38:59 GMT
::1 - - GET 404 /api/hashtag/092ad211-9077-4912-bf0f-a5245c94e507 - insomnia/2021.1.0 1.528 ms Thu, 11 Mar 2021 16:46:15 GMT
::1 - - GET 404 /api/hashtag/search?page=1&limit=50&query=Jane - insomnia/2021.1.0 0.189 ms Thu, 11 Mar 2021 16:46:30 GMT
::1 - - GET 200 /api/users?page=1&limit=50 - insomnia/2021.1.0 47.018 ms Thu, 11 Mar 2021 16:49:24 GMT
::1 - - GET 200 /api/campaigns?page=1&limit=50 - insomnia/2021.1.0 11.471 ms Thu, 11 Mar 2021 16:50:28 GMT
::1 - - GET 200 /api/tweets?page=1&limit=50 - insomnia/2021.1.0 5.765 ms Thu, 11 Mar 2021 16:50:50 GMT
::1 - - GET 200 /api/tweet/092ad211-9077-4912-bf0f-a5245c94e507 - insomnia/2021.1.0 7.025 ms Thu, 11 Mar 2021 16:50:53 GMT
::1 - - GET 200 /api/tweets?page=1&limit=50&query=Jane - insomnia/2021.1.0 5.900 ms Thu, 11 Mar 2021 16:52:24 GMT
::1 - - GET 200 /api/tweets?page=1&limit=50&query=Jane - insomnia/2021.1.0 3.329 ms Thu, 11 Mar 2021 16:52:25 GMT
::1 - - GET 200 /api/tweet/search?page=1&limit=50&query=Jane - insomnia/2021.1.0 2.183 ms Thu, 11 Mar 2021 16:52:35 GMT
::1 - - GET - /api/tweets?page=1&limit=50search%3Fpage%3D1&limit=50&query=Jane - insomnia/2021.1.0 - ms Thu, 11 Mar 2021 16:52:59 GMT
::1 - - GET 200 /api/hashtags?page=1&limit=50 - insomnia/2021.1.0 7.621 ms Thu, 11 Mar 2021 16:53:55 GMT
::1 - - GET 200 /api/hashtag/092ad211-9077-4912-bf0f-a5245c94e507 - insomnia/2021.1.0 2.773 ms Thu, 11 Mar 2021 16:54:00 GMT
::1 - - GET 200 /api/hashtag/search?page=1&limit=50&query=Jane - insomnia/2021.1.0 2.139 ms Thu, 11 Mar 2021 16:54:05 GMT
